# JRE version: Java(TM) SE Runtime Environment (8.0_144-b01) (build 1.8.0_144-b01)
# Java VM: Java HotSpot(TM) 64-Bit Server VM (25.144-b01 mixed mode windows-amd64 compressed oops)
Heap:
 PSYoungGen      total 159744K, used 33309K [0x00000000f5580000, 0x0000000100000000, 0x0000000100000000)
  eden space 146944K, 14% used [0x00000000f5580000,0x00000000f6ab5a58,0x00000000fe500000)
  from space 12800K, 90% used [0x00000000ff280000,0x00000000ffdd1a78,0x00000000fff00000)
  to   space 13824K, 0% used [0x00000000fe500000,0x00000000fe500000,0x00000000ff280000)
 ParOldGen       total 175104K, used 14409K [0x00000000e0000000, 0x00000000eab00000, 0x00000000f5580000)
  object space 175104K, 8% used [0x00000000e0000000,0x00000000e0e124d8,0x00000000eab00000)
 Metaspace       used 42509K, capacity 44406K, committed 44632K, reserved 1087488K
  class space    used 5780K, capacity 6177K, committed 6232K, reserved 1048576K
GC Heap History (10 events):
Event: 13.025 GC heap before
{Heap before GC invocations=6 (full 1):
 PSYoungGen      total 76288K, used 65536K [0x00000000f5580000, 0x00000000fea80000, 0x0000000100000000)
  eden space 65536K, 100% used [0x00000000f5580000,0x00000000f9580000,0x00000000f9580000)
  from space 10752K, 0% used [0x00000000fa000000,0x00000000fa000000,0x00000000faa80000)
  to   space 10752K, 0% used [0x00000000f9580000,0x00000000f9580000,0x00000000fa000000)
 ParOldGen       total 175104K, used 8220K [0x00000000e0000000, 0x00000000eab00000, 0x00000000f5580000)
  object space 175104K, 4% used [0x00000000e0000000,0x00000000e08072c8,0x00000000eab00000)
 Metaspace       used 24397K, capacity 25522K, committed 25728K, reserved 1071104K
  class space    used 3679K, capacity 3951K, committed 3968K, reserved 1048576K
Event: 13.031 GC heap after
Heap after GC invocations=6 (full 1):
 PSYoungGen      total 76288K, used 5178K [0x00000000f5580000, 0x00000000fdc00000, 0x0000000100000000)
  eden space 65536K, 0% used [0x00000000f5580000,0x00000000f5580000,0x00000000f9580000)
  from space 10752K, 48% used [0x00000000f9580000,0x00000000f9a8e998,0x00000000fa000000)
  to   space 13312K, 0% used [0x00000000fcf00000,0x00000000fcf00000,0x00000000fdc00000)
 ParOldGen       total 175104K, used 8228K [0x00000000e0000000, 0x00000000eab00000, 0x00000000f5580000)
  object space 175104K, 4% used [0x00000000e0000000,0x00000000e08092c8,0x00000000eab00000)
 Metaspace       used 24397K, capacity 25522K, committed 25728K, reserved 1071104K
  class space    used 3679K, capacity 3951K, committed 3968K, reserved 1048576K
}
Event: 15.092 GC heap before
{Heap before GC invocations=7 (full 1):
 PSYoungGen      total 76288K, used 70714K [0x00000000f5580000, 0x00000000fdc00000, 0x0000000100000000)
  eden space 65536K, 100% used [0x00000000f5580000,0x00000000f9580000,0x00000000f9580000)
  from space 10752K, 48% used [0x00000000f9580000,0x00000000f9a8e998,0x00000000fa000000)
  to   space 13312K, 0% used [0x00000000fcf00000,0x00000000fcf00000,0x00000000fdc00000)
 ParOldGen       total 175104K, used 8228K [0x00000000e0000000, 0x00000000eab00000, 0x00000000f5580000)
  object space 175104K, 4% used [0x00000000e0000000,0x00000000e08092c8,0x00000000eab00000)
 Metaspace       used 32662K, capacity 33918K, committed 34176K, reserved 1079296K
  class space    used 4627K, capacity 4911K, committed 4992K, reserved 1048576K
Event: 15.170 GC heap after
Heap after GC invocations=7 (full 1):
 PSYoungGen      total 124416K, used 9897K [0x00000000f5580000, 0x00000000fe100000, 0x0000000100000000)
  eden space 111104K, 0% used [0x00000000f5580000,0x00000000f5580000,0x00000000fc200000)
  from space 13312K, 74% used [0x00000000fcf00000,0x00000000fd8aa7d8,0x00000000fdc00000)
  to   space 13312K, 0% used [0x00000000fc200000,0x00000000fc200000,0x00000000fcf00000)
 ParOldGen       total 175104K, used 8228K [0x00000000e0000000, 0x00000000eab00000, 0x00000000f5580000)
  object space 175104K, 4% used [0x00000000e0000000,0x00000000e08092c8,0x00000000eab00000)
 Metaspace       used 32662K, capacity 33918K, committed 34176K, reserved 1079296K
  class space    used 4627K, capacity 4911K, committed 4992K, reserved 1048576K
}
Event: 16.041 GC heap before
{Heap before GC invocations=8 (full 1):
 PSYoungGen      total 124416K, used 31538K [0x00000000f5580000, 0x00000000fe100000, 0x0000000100000000)
  eden space 111104K, 19% used [0x00000000f5580000,0x00000000f6aa2420,0x00000000fc200000)
  from space 13312K, 74% used [0x00000000fcf00000,0x00000000fd8aa7d8,0x00000000fdc00000)
  to   space 13312K, 0% used [0x00000000fc200000,0x00000000fc200000,0x00000000fcf00000)
 ParOldGen       total 175104K, used 8228K [0x00000000e0000000, 0x00000000eab00000, 0x00000000f5580000)
  object space 175104K, 4% used [0x00000000e0000000,0x00000000e08092c8,0x00000000eab00000)
 Metaspace       used 33980K, capacity 35320K, committed 35416K, reserved 1079296K
  class space    used 4827K, capacity 5152K, committed 5208K, reserved 1048576K
Event: 16.061 GC heap after
Heap after GC invocations=8 (full 1):
 PSYoungGen      total 124416K, used 7287K [0x00000000f5580000, 0x00000000fff00000, 0x0000000100000000)
  eden space 111104K, 0% used [0x00000000f5580000,0x00000000f5580000,0x00000000fc200000)
  from space 13312K, 54% used [0x00000000fc200000,0x00000000fc91ddf0,0x00000000fcf00000)
  to   space 12800K, 0% used [0x00000000ff280000,0x00000000ff280000,0x00000000fff00000)
 ParOldGen       total 175104K, used 8236K [0x00000000e0000000, 0x00000000eab00000, 0x00000000f5580000)
  object space 175104K, 4% used [0x00000000e0000000,0x00000000e080b2c8,0x00000000eab00000)
 Metaspace       used 33980K, capacity 35320K, committed 35416K, reserved 1079296K
  class space    used 4827K, capacity 5152K, committed 5208K, reserved 1048576K
}
Event: 16.061 GC heap before
{Heap before GC invocations=9 (full 2):
 PSYoungGen      total 124416K, used 7287K [0x00000000f5580000, 0x00000000fff00000, 0x0000000100000000)
  eden space 111104K, 0% used [0x00000000f5580000,0x00000000f5580000,0x00000000fc200000)
  from space 13312K, 54% used [0x00000000fc200000,0x00000000fc91ddf0,0x00000000fcf00000)
  to   space 12800K, 0% used [0x00000000ff280000,0x00000000ff280000,0x00000000fff00000)
 ParOldGen       total 175104K, used 8236K [0x00000000e0000000, 0x00000000eab00000, 0x00000000f5580000)
  object space 175104K, 4% used [0x00000000e0000000,0x00000000e080b2c8,0x00000000eab00000)
 Metaspace       used 33980K, capacity 35320K, committed 35416K, reserved 1079296K
  class space    used 4827K, capacity 5152K, committed 5208K, reserved 1048576K
Event: 16.147 GC heap after
Heap after GC invocations=9 (full 2):
 PSYoungGen      total 124416K, used 0K [0x00000000f5580000, 0x00000000fff00000, 0x0000000100000000)
  eden space 111104K, 0% used [0x00000000f5580000,0x00000000f5580000,0x00000000fc200000)
  from space 13312K, 0% used [0x00000000fc200000,0x00000000fc200000,0x00000000fcf00000)
  to   space 12800K, 0% used [0x00000000ff280000,0x00000000ff280000,0x00000000fff00000)
 ParOldGen       total 175104K, used 14401K [0x00000000e0000000, 0x00000000eab00000, 0x00000000f5580000)
  object space 175104K, 8% used [0x00000000e0000000,0x00000000e0e104d8,0x00000000eab00000)
 Metaspace       used 33980K, capacity 35320K, committed 35416K, reserved 1079296K
  class space    used 4827K, capacity 5152K, committed 5208K, reserved 1048576K
}
Event: 19.181 GC heap before
{Heap before GC invocations=10 (full 2):
 PSYoungGen      total 124416K, used 111104K [0x00000000f5580000, 0x00000000fff00000, 0x0000000100000000)
  eden space 111104K, 100% used [0x00000000f5580000,0x00000000fc200000,0x00000000fc200000)
  from space 13312K, 0% used [0x00000000fc200000,0x00000000fc200000,0x00000000fcf00000)
  to   space 12800K, 0% used [0x00000000ff280000,0x00000000ff280000,0x00000000fff00000)
 ParOldGen       total 175104K, used 14401K [0x00000000e0000000, 0x00000000eab00000, 0x00000000f5580000)
  object space 175104K, 8% used [0x00000000e0000000,0x00000000e0e104d8,0x00000000eab00000)
 Metaspace       used 41371K, capacity 43156K, committed 43480K, reserved 1087488K
  class space    used 5664K, capacity 6034K, committed 6104K, reserved 1048576K
Event: 19.199 GC heap after
Heap after GC invocations=10 (full 2):
 PSYoungGen      total 159744K, used 11590K [0x00000000f5580000, 0x0000000100000000, 0x0000000100000000)
  eden space 146944K, 0% used [0x00000000f5580000,0x00000000f5580000,0x00000000fe500000)
  from space 12800K, 90% used [0x00000000ff280000,0x00000000ffdd1a78,0x00000000fff00000)
  to   space 13824K, 0% used [0x00000000fe500000,0x00000000fe500000,0x00000000ff280000)
 ParOldGen       total 175104K, used 14409K [0x00000000e0000000, 0x00000000eab00000, 0x00000000f5580000)
  object space 175104K, 8% used [0x00000000e0000000,0x00000000e0e124d8,0x00000000eab00000)
 Metaspace       used 41371K, capacity 43156K, committed 43480K, reserved 1087488K
  class space    used 5664K, capacity 6034K, committed 6104K, reserved 1048576K
}

