# JRE version: Java(TM) SE Runtime Environment (8.0_144-b01) (build 1.8.0_144-b01)
# Java VM: Java HotSpot(TM) 64-Bit Server VM (25.144-b01 mixed mode windows-amd64 compressed oops)
Heap:
 PSYoungGen      total 38400K, used 19969K [0x00000000f5580000, 0x00000000f9f00000, 0x0000000100000000)
  eden space 33280K, 44% used [0x00000000f5580000,0x00000000f6407740,0x00000000f7600000)
  from space 5120K, 99% used [0x00000000f7600000,0x00000000f7af8e20,0x00000000f7b00000)
  to   space 8704K, 0% used [0x00000000f9680000,0x00000000f9680000,0x00000000f9f00000)
 ParOldGen       total 50688K, used 6126K [0x00000000e0000000, 0x00000000e3180000, 0x00000000f5580000)
  object space 50688K, 12% used [0x00000000e0000000,0x00000000e05fb9e0,0x00000000e3180000)
 Metaspace       used 25324K, capacity 26114K, committed 26368K, reserved 1073152K
  class space    used 3373K, capacity 3571K, committed 3584K, reserved 1048576K
GC Heap History (10 events):
Event: 4.146 GC heap before
{Heap before GC invocations=2 (full 0):
 PSYoungGen      total 38400K, used 38387K [0x00000000f5580000, 0x00000000f8000000, 0x0000000100000000)
  eden space 33280K, 100% used [0x00000000f5580000,0x00000000f7600000,0x00000000f7600000)
  from space 5120K, 99% used [0x00000000f7600000,0x00000000f7afcdd8,0x00000000f7b00000)
  to   space 5120K, 0% used [0x00000000f7b00000,0x00000000f7b00000,0x00000000f8000000)
 ParOldGen       total 87552K, used 977K [0x00000000e0000000, 0x00000000e5580000, 0x00000000f5580000)
  object space 87552K, 1% used [0x00000000e0000000,0x00000000e00f4598,0x00000000e5580000)
 Metaspace       used 15676K, capacity 16190K, committed 16256K, reserved 1062912K
  class space    used 2004K, capacity 2139K, committed 2176K, reserved 1048576K
Event: 4.158 GC heap after
Heap after GC invocations=2 (full 0):
 PSYoungGen      total 38400K, used 5114K [0x00000000f5580000, 0x00000000f8000000, 0x0000000100000000)
  eden space 33280K, 0% used [0x00000000f5580000,0x00000000f5580000,0x00000000f7600000)
  from space 5120K, 99% used [0x00000000f7b00000,0x00000000f7ffe8b0,0x00000000f8000000)
  to   space 5120K, 0% used [0x00000000f7600000,0x00000000f7600000,0x00000000f7b00000)
 ParOldGen       total 87552K, used 2735K [0x00000000e0000000, 0x00000000e5580000, 0x00000000f5580000)
  object space 87552K, 3% used [0x00000000e0000000,0x00000000e02abc00,0x00000000e5580000)
 Metaspace       used 15676K, capacity 16190K, committed 16256K, reserved 1062912K
  class space    used 2004K, capacity 2139K, committed 2176K, reserved 1048576K
}
Event: 4.814 GC heap before
{Heap before GC invocations=3 (full 0):
 PSYoungGen      total 38400K, used 38394K [0x00000000f5580000, 0x00000000f8000000, 0x0000000100000000)
  eden space 33280K, 100% used [0x00000000f5580000,0x00000000f7600000,0x00000000f7600000)
  from space 5120K, 99% used [0x00000000f7b00000,0x00000000f7ffe8b0,0x00000000f8000000)
  to   space 5120K, 0% used [0x00000000f7600000,0x00000000f7600000,0x00000000f7b00000)
 ParOldGen       total 87552K, used 2735K [0x00000000e0000000, 0x00000000e5580000, 0x00000000f5580000)
  object space 87552K, 3% used [0x00000000e0000000,0x00000000e02abc00,0x00000000e5580000)
 Metaspace       used 19178K, capacity 19760K, committed 19968K, reserved 1067008K
  class space    used 2613K, capacity 2758K, committed 2816K, reserved 1048576K
Event: 4.827 GC heap after
Heap after GC invocations=3 (full 0):
 PSYoungGen      total 38400K, used 5099K [0x00000000f5580000, 0x00000000f8000000, 0x0000000100000000)
  eden space 33280K, 0% used [0x00000000f5580000,0x00000000f5580000,0x00000000f7600000)
  from space 5120K, 99% used [0x00000000f7600000,0x00000000f7afaf38,0x00000000f7b00000)
  to   space 5120K, 0% used [0x00000000f7b00000,0x00000000f7b00000,0x00000000f8000000)
 ParOldGen       total 87552K, used 5471K [0x00000000e0000000, 0x00000000e5580000, 0x00000000f5580000)
  object space 87552K, 6% used [0x00000000e0000000,0x00000000e0557fe8,0x00000000e5580000)
 Metaspace       used 19178K, capacity 19760K, committed 19968K, reserved 1067008K
  class space    used 2613K, capacity 2758K, committed 2816K, reserved 1048576K
}
Event: 4.950 GC heap before
{Heap before GC invocations=4 (full 0):
 PSYoungGen      total 38400K, used 15575K [0x00000000f5580000, 0x00000000f8000000, 0x0000000100000000)
  eden space 33280K, 31% used [0x00000000f5580000,0x00000000f5fbaf58,0x00000000f7600000)
  from space 5120K, 99% used [0x00000000f7600000,0x00000000f7afaf38,0x00000000f7b00000)
  to   space 5120K, 0% used [0x00000000f7b00000,0x00000000f7b00000,0x00000000f8000000)
 ParOldGen       total 87552K, used 5471K [0x00000000e0000000, 0x00000000e5580000, 0x00000000f5580000)
  object space 87552K, 6% used [0x00000000e0000000,0x00000000e0557fe8,0x00000000e5580000)
 Metaspace       used 20526K, capacity 21098K, committed 21248K, reserved 1067008K
  class space    used 2784K, capacity 2947K, committed 3072K, reserved 1048576K
Event: 4.960 GC heap after
Heap after GC invocations=4 (full 0):
 PSYoungGen      total 38400K, used 5113K [0x00000000f5580000, 0x00000000f8000000, 0x0000000100000000)
  eden space 33280K, 0% used [0x00000000f5580000,0x00000000f5580000,0x00000000f7600000)
  from space 5120K, 99% used [0x00000000f7b00000,0x00000000f7ffe620,0x00000000f8000000)
  to   space 5120K, 0% used [0x00000000f7600000,0x00000000f7600000,0x00000000f7b00000)
 ParOldGen       total 87552K, used 6583K [0x00000000e0000000, 0x00000000e5580000, 0x00000000f5580000)
  object space 87552K, 7% used [0x00000000e0000000,0x00000000e066de40,0x00000000e5580000)
 Metaspace       used 20526K, capacity 21098K, committed 21248K, reserved 1067008K
  class space    used 2784K, capacity 2947K, committed 3072K, reserved 1048576K
}
Event: 4.960 GC heap before
{Heap before GC invocations=5 (full 1):
 PSYoungGen      total 38400K, used 5113K [0x00000000f5580000, 0x00000000f8000000, 0x0000000100000000)
  eden space 33280K, 0% used [0x00000000f5580000,0x00000000f5580000,0x00000000f7600000)
  from space 5120K, 99% used [0x00000000f7b00000,0x00000000f7ffe620,0x00000000f8000000)
  to   space 5120K, 0% used [0x00000000f7600000,0x00000000f7600000,0x00000000f7b00000)
 ParOldGen       total 87552K, used 6583K [0x00000000e0000000, 0x00000000e5580000, 0x00000000f5580000)
  object space 87552K, 7% used [0x00000000e0000000,0x00000000e066de40,0x00000000e5580000)
 Metaspace       used 20526K, capacity 21098K, committed 21248K, reserved 1067008K
  class space    used 2784K, capacity 2947K, committed 3072K, reserved 1048576K
Event: 5.003 GC heap after
Heap after GC invocations=5 (full 1):
 PSYoungGen      total 38400K, used 0K [0x00000000f5580000, 0x00000000f8000000, 0x0000000100000000)
  eden space 33280K, 0% used [0x00000000f5580000,0x00000000f5580000,0x00000000f7600000)
  from space 5120K, 0% used [0x00000000f7b00000,0x00000000f7b00000,0x00000000f8000000)
  to   space 5120K, 0% used [0x00000000f7600000,0x00000000f7600000,0x00000000f7b00000)
 ParOldGen       total 50688K, used 6118K [0x00000000e0000000, 0x00000000e3180000, 0x00000000f5580000)
  object space 50688K, 12% used [0x00000000e0000000,0x00000000e05f99e0,0x00000000e3180000)
 Metaspace       used 20526K, capacity 21098K, committed 21248K, reserved 1067008K
  class space    used 2784K, capacity 2947K, committed 3072K, reserved 1048576K
}
Event: 5.579 GC heap before
{Heap before GC invocations=6 (full 1):
 PSYoungGen      total 38400K, used 33280K [0x00000000f5580000, 0x00000000f8000000, 0x0000000100000000)
  eden space 33280K, 100% used [0x00000000f5580000,0x00000000f7600000,0x00000000f7600000)
  from space 5120K, 0% used [0x00000000f7b00000,0x00000000f7b00000,0x00000000f8000000)
  to   space 5120K, 0% used [0x00000000f7600000,0x00000000f7600000,0x00000000f7b00000)
 ParOldGen       total 50688K, used 6118K [0x00000000e0000000, 0x00000000e3180000, 0x00000000f5580000)
  object space 50688K, 12% used [0x00000000e0000000,0x00000000e05f99e0,0x00000000e3180000)
 Metaspace       used 23896K, capacity 24638K, committed 24960K, reserved 1071104K
  class space    used 3163K, capacity 3359K, committed 3456K, reserved 1048576K
Event: 5.587 GC heap after
Heap after GC invocations=6 (full 1):
 PSYoungGen      total 38400K, used 5091K [0x00000000f5580000, 0x00000000f9f00000, 0x0000000100000000)
  eden space 33280K, 0% used [0x00000000f5580000,0x00000000f5580000,0x00000000f7600000)
  from space 5120K, 99% used [0x00000000f7600000,0x00000000f7af8e20,0x00000000f7b00000)
  to   space 8704K, 0% used [0x00000000f9680000,0x00000000f9680000,0x00000000f9f00000)
 ParOldGen       total 50688K, used 6126K [0x00000000e0000000, 0x00000000e3180000, 0x00000000f5580000)
  object space 50688K, 12% used [0x00000000e0000000,0x00000000e05fb9e0,0x00000000e3180000)
 Metaspace       used 23896K, capacity 24638K, committed 24960K, reserved 1071104K
  class space    used 3163K, capacity 3359K, committed 3456K, reserved 1048576K
}

