# JRE version: Java(TM) SE Runtime Environment (8.0_144-b01) (build 1.8.0_144-b01)
# Java VM: Java HotSpot(TM) 64-Bit Server VM (25.144-b01 mixed mode windows-amd64 compressed oops)
Heap:
 PSYoungGen      total 71680K, used 57580K [0x00000000d5c00000, 0x00000000da700000, 0x0000000100000000)
  eden space 66560K, 78% used [0x00000000d5c00000,0x00000000d8f3c9f8,0x00000000d9d00000)
  from space 5120K, 99% used [0x00000000da200000,0x00000000da6fe680,0x00000000da700000)
  to   space 5120K, 0% used [0x00000000d9d00000,0x00000000d9d00000,0x00000000da200000)
 ParOldGen       total 49152K, used 8621K [0x0000000081400000, 0x0000000084400000, 0x00000000d5c00000)
  object space 49152K, 17% used [0x0000000081400000,0x0000000081c6b700,0x0000000084400000)
 Metaspace       used 31025K, capacity 32456K, committed 32560K, reserved 1077248K
  class space    used 4016K, capacity 4296K, committed 4400K, reserved 1048576K
GC Heap History (10 events):
Event: 3.029 GC heap before
{Heap before GC invocations=3 (full 0):
 PSYoungGen      total 38400K, used 38399K [0x00000000d5c00000, 0x00000000da700000, 0x0000000100000000)
  eden space 33280K, 100% used [0x00000000d5c00000,0x00000000d7c80000,0x00000000d7c80000)
  from space 5120K, 99% used [0x00000000d8180000,0x00000000d867fde0,0x00000000d8680000)
  to   space 5120K, 0% used [0x00000000d7c80000,0x00000000d7c80000,0x00000000d8180000)
 ParOldGen       total 87552K, used 1157K [0x0000000081400000, 0x0000000086980000, 0x00000000d5c00000)
  object space 87552K, 1% used [0x0000000081400000,0x00000000815214a8,0x0000000086980000)
 Metaspace       used 18216K, capacity 18694K, committed 18944K, reserved 1064960K
  class space    used 2336K, capacity 2461K, committed 2560K, reserved 1048576K
Event: 3.082 GC heap after
Heap after GC invocations=3 (full 0):
 PSYoungGen      total 38400K, used 5107K [0x00000000d5c00000, 0x00000000da700000, 0x0000000100000000)
  eden space 33280K, 0% used [0x00000000d5c00000,0x00000000d5c00000,0x00000000d7c80000)
  from space 5120K, 99% used [0x00000000d7c80000,0x00000000d817cf38,0x00000000d8180000)
  to   space 5120K, 0% used [0x00000000da200000,0x00000000da200000,0x00000000da700000)
 ParOldGen       total 87552K, used 4028K [0x0000000081400000, 0x0000000086980000, 0x00000000d5c00000)
  object space 87552K, 4% used [0x0000000081400000,0x00000000817ef0e8,0x0000000086980000)
 Metaspace       used 18216K, capacity 18694K, committed 18944K, reserved 1064960K
  class space    used 2336K, capacity 2461K, committed 2560K, reserved 1048576K
}
Event: 3.535 GC heap before
{Heap before GC invocations=4 (full 0):
 PSYoungGen      total 38400K, used 38379K [0x00000000d5c00000, 0x00000000da700000, 0x0000000100000000)
  eden space 33280K, 99% used [0x00000000d5c00000,0x00000000d7c7e078,0x00000000d7c80000)
  from space 5120K, 99% used [0x00000000d7c80000,0x00000000d817cf38,0x00000000d8180000)
  to   space 5120K, 0% used [0x00000000da200000,0x00000000da200000,0x00000000da700000)
 ParOldGen       total 87552K, used 4028K [0x0000000081400000, 0x0000000086980000, 0x00000000d5c00000)
  object space 87552K, 4% used [0x0000000081400000,0x00000000817ef0e8,0x0000000086980000)
 Metaspace       used 20159K, capacity 20774K, committed 20992K, reserved 1067008K
  class space    used 2594K, capacity 2749K, committed 2816K, reserved 1048576K
Event: 3.547 GC heap after
Heap after GC invocations=4 (full 0):
 PSYoungGen      total 71680K, used 5117K [0x00000000d5c00000, 0x00000000da700000, 0x0000000100000000)
  eden space 66560K, 0% used [0x00000000d5c00000,0x00000000d5c00000,0x00000000d9d00000)
  from space 5120K, 99% used [0x00000000da200000,0x00000000da6ff500,0x00000000da700000)
  to   space 5120K, 0% used [0x00000000d9d00000,0x00000000d9d00000,0x00000000da200000)
 ParOldGen       total 87552K, used 5779K [0x0000000081400000, 0x0000000086980000, 0x00000000d5c00000)
  object space 87552K, 6% used [0x0000000081400000,0x00000000819a4d38,0x0000000086980000)
 Metaspace       used 20159K, capacity 20774K, committed 20992K, reserved 1067008K
  class space    used 2594K, capacity 2749K, committed 2816K, reserved 1048576K
}
Event: 3.610 GC heap before
{Heap before GC invocations=5 (full 0):
 PSYoungGen      total 71680K, used 27139K [0x00000000d5c00000, 0x00000000da700000, 0x0000000100000000)
  eden space 66560K, 33% used [0x00000000d5c00000,0x00000000d71818d8,0x00000000d9d00000)
  from space 5120K, 99% used [0x00000000da200000,0x00000000da6ff500,0x00000000da700000)
  to   space 5120K, 0% used [0x00000000d9d00000,0x00000000d9d00000,0x00000000da200000)
 ParOldGen       total 87552K, used 5779K [0x0000000081400000, 0x0000000086980000, 0x00000000d5c00000)
  object space 87552K, 6% used [0x0000000081400000,0x00000000819a4d38,0x0000000086980000)
 Metaspace       used 20615K, capacity 21182K, committed 21296K, reserved 1067008K
  class space    used 2653K, capacity 2819K, committed 2864K, reserved 1048576K
Event: 3.621 GC heap after
Heap after GC invocations=5 (full 0):
 PSYoungGen      total 71680K, used 5098K [0x00000000d5c00000, 0x00000000da700000, 0x0000000100000000)
  eden space 66560K, 0% used [0x00000000d5c00000,0x00000000d5c00000,0x00000000d9d00000)
  from space 5120K, 99% used [0x00000000d9d00000,0x00000000da1faa38,0x00000000da200000)
  to   space 5120K, 0% used [0x00000000da200000,0x00000000da200000,0x00000000da700000)
 ParOldGen       total 87552K, used 6230K [0x0000000081400000, 0x0000000086980000, 0x00000000d5c00000)
  object space 87552K, 7% used [0x0000000081400000,0x0000000081a15808,0x0000000086980000)
 Metaspace       used 20615K, capacity 21182K, committed 21296K, reserved 1067008K
  class space    used 2653K, capacity 2819K, committed 2864K, reserved 1048576K
}
Event: 3.621 GC heap before
{Heap before GC invocations=6 (full 1):
 PSYoungGen      total 71680K, used 5098K [0x00000000d5c00000, 0x00000000da700000, 0x0000000100000000)
  eden space 66560K, 0% used [0x00000000d5c00000,0x00000000d5c00000,0x00000000d9d00000)
  from space 5120K, 99% used [0x00000000d9d00000,0x00000000da1faa38,0x00000000da200000)
  to   space 5120K, 0% used [0x00000000da200000,0x00000000da200000,0x00000000da700000)
 ParOldGen       total 87552K, used 6230K [0x0000000081400000, 0x0000000086980000, 0x00000000d5c00000)
  object space 87552K, 7% used [0x0000000081400000,0x0000000081a15808,0x0000000086980000)
 Metaspace       used 20615K, capacity 21182K, committed 21296K, reserved 1067008K
  class space    used 2653K, capacity 2819K, committed 2864K, reserved 1048576K
Event: 3.679 GC heap after
Heap after GC invocations=6 (full 1):
 PSYoungGen      total 71680K, used 0K [0x00000000d5c00000, 0x00000000da700000, 0x0000000100000000)
  eden space 66560K, 0% used [0x00000000d5c00000,0x00000000d5c00000,0x00000000d9d00000)
  from space 5120K, 0% used [0x00000000d9d00000,0x00000000d9d00000,0x00000000da200000)
  to   space 5120K, 0% used [0x00000000da200000,0x00000000da200000,0x00000000da700000)
 ParOldGen       total 49152K, used 5485K [0x0000000081400000, 0x0000000084400000, 0x00000000d5c00000)
  object space 49152K, 11% used [0x0000000081400000,0x000000008195b428,0x0000000084400000)
 Metaspace       used 20613K, capacity 21176K, committed 21296K, reserved 1067008K
  class space    used 2652K, capacity 2818K, committed 2864K, reserved 1048576K
}
Event: 6.053 GC heap before
{Heap before GC invocations=7 (full 1):
 PSYoungGen      total 71680K, used 66560K [0x00000000d5c00000, 0x00000000da700000, 0x0000000100000000)
  eden space 66560K, 100% used [0x00000000d5c00000,0x00000000d9d00000,0x00000000d9d00000)
  from space 5120K, 0% used [0x00000000d9d00000,0x00000000d9d00000,0x00000000da200000)
  to   space 5120K, 0% used [0x00000000da200000,0x00000000da200000,0x00000000da700000)
 ParOldGen       total 49152K, used 5485K [0x0000000081400000, 0x0000000084400000, 0x00000000d5c00000)
  object space 49152K, 11% used [0x0000000081400000,0x000000008195b428,0x0000000084400000)
 Metaspace       used 26465K, capacity 27460K, committed 27824K, reserved 1073152K
  class space    used 3435K, capacity 3646K, committed 3760K, reserved 1048576K
Event: 6.074 GC heap after
Heap after GC invocations=7 (full 1):
 PSYoungGen      total 71680K, used 5113K [0x00000000d5c00000, 0x00000000da700000, 0x0000000100000000)
  eden space 66560K, 0% used [0x00000000d5c00000,0x00000000d5c00000,0x00000000d9d00000)
  from space 5120K, 99% used [0x00000000da200000,0x00000000da6fe680,0x00000000da700000)
  to   space 5120K, 0% used [0x00000000d9d00000,0x00000000d9d00000,0x00000000da200000)
 ParOldGen       total 49152K, used 8621K [0x0000000081400000, 0x0000000084400000, 0x00000000d5c00000)
  object space 49152K, 17% used [0x0000000081400000,0x0000000081c6b700,0x0000000084400000)
 Metaspace       used 26465K, capacity 27460K, committed 27824K, reserved 1073152K
  class space    used 3435K, capacity 3646K, committed 3760K, reserved 1048576K
}

