# JRE version: Java(TM) SE Runtime Environment (8.0_144-b01) (build 1.8.0_144-b01)
# Java VM: Java HotSpot(TM) 64-Bit Server VM (25.144-b01 mixed mode windows-amd64 compressed oops)
Heap:
 PSYoungGen      total 320512K, used 30624K [0x00000000d5c00000, 0x00000000ea980000, 0x0000000100000000)
  eden space 306688K, 9% used [0x00000000d5c00000,0x00000000d79e8028,0x00000000e8780000)
  from space 13824K, 0% used [0x00000000e9c00000,0x00000000e9c00000,0x00000000ea980000)
  to   space 17408K, 0% used [0x00000000e8780000,0x00000000e8780000,0x00000000e9880000)
 ParOldGen       total 76800K, used 19862K [0x0000000081400000, 0x0000000085f00000, 0x00000000d5c00000)
  object space 76800K, 25% used [0x0000000081400000,0x0000000082765960,0x0000000085f00000)
 Metaspace       used 58510K, capacity 61090K, committed 61208K, reserved 1101824K
  class space    used 7981K, capacity 8411K, committed 8472K, reserved 1048576K
GC Heap History (10 events):
Event: 7.484 GC heap before
{Heap before GC invocations=9 (full 1):
 PSYoungGen      total 140800K, used 11349K [0x00000000d5c00000, 0x00000000e3780000, 0x0000000100000000)
  eden space 131584K, 1% used [0x00000000d5c00000,0x00000000d5e1b7d8,0x00000000ddc80000)
  from space 9216K, 99% used [0x00000000ddc80000,0x00000000de579f38,0x00000000de580000)
  to   space 11776K, 0% used [0x00000000e2c00000,0x00000000e2c00000,0x00000000e3780000)
 ParOldGen       total 48640K, used 9063K [0x0000000081400000, 0x0000000084380000, 0x00000000d5c00000)
  object space 48640K, 18% used [0x0000000081400000,0x0000000081cd9d68,0x0000000084380000)
 Metaspace       used 33747K, capacity 35370K, committed 35496K, reserved 1079296K
  class space    used 4344K, capacity 4663K, committed 4776K, reserved 1048576K
Event: 7.497 GC heap after
Heap after GC invocations=9 (full 1):
 PSYoungGen      total 212992K, used 8469K [0x00000000d5c00000, 0x00000000e6a00000, 0x0000000100000000)
  eden space 201216K, 0% used [0x00000000d5c00000,0x00000000d5c00000,0x00000000e2080000)
  from space 11776K, 71% used [0x00000000e2c00000,0x00000000e34457b8,0x00000000e3780000)
  to   space 11776K, 0% used [0x00000000e2080000,0x00000000e2080000,0x00000000e2c00000)
 ParOldGen       total 48640K, used 9071K [0x0000000081400000, 0x0000000084380000, 0x00000000d5c00000)
  object space 48640K, 18% used [0x0000000081400000,0x0000000081cdbd68,0x0000000084380000)
 Metaspace       used 33747K, capacity 35370K, committed 35496K, reserved 1079296K
  class space    used 4344K, capacity 4663K, committed 4776K, reserved 1048576K
}
Event: 7.498 GC heap before
{Heap before GC invocations=10 (full 2):
 PSYoungGen      total 212992K, used 8469K [0x00000000d5c00000, 0x00000000e6a00000, 0x0000000100000000)
  eden space 201216K, 0% used [0x00000000d5c00000,0x00000000d5c00000,0x00000000e2080000)
  from space 11776K, 71% used [0x00000000e2c00000,0x00000000e34457b8,0x00000000e3780000)
  to   space 11776K, 0% used [0x00000000e2080000,0x00000000e2080000,0x00000000e2c00000)
 ParOldGen       total 48640K, used 9071K [0x0000000081400000, 0x0000000084380000, 0x00000000d5c00000)
  object space 48640K, 18% used [0x0000000081400000,0x0000000081cdbd68,0x0000000084380000)
 Metaspace       used 33747K, capacity 35370K, committed 35496K, reserved 1079296K
  class space    used 4344K, capacity 4663K, committed 4776K, reserved 1048576K
Event: 7.603 GC heap after
Heap after GC invocations=10 (full 2):
 PSYoungGen      total 212992K, used 0K [0x00000000d5c00000, 0x00000000e6a00000, 0x0000000100000000)
  eden space 201216K, 0% used [0x00000000d5c00000,0x00000000d5c00000,0x00000000e2080000)
  from space 11776K, 0% used [0x00000000e2c00000,0x00000000e2c00000,0x00000000e3780000)
  to   space 11776K, 0% used [0x00000000e2080000,0x00000000e2080000,0x00000000e2c00000)
 ParOldGen       total 61440K, used 13632K [0x0000000081400000, 0x0000000085000000, 0x00000000d5c00000)
  object space 61440K, 22% used [0x0000000081400000,0x00000000821501f0,0x0000000085000000)
 Metaspace       used 33747K, capacity 35370K, committed 35496K, reserved 1079296K
  class space    used 4344K, capacity 4663K, committed 4776K, reserved 1048576K
}
Event: 12.051 GC heap before
{Heap before GC invocations=11 (full 2):
 PSYoungGen      total 212992K, used 201216K [0x00000000d5c00000, 0x00000000e6a00000, 0x0000000100000000)
  eden space 201216K, 100% used [0x00000000d5c00000,0x00000000e2080000,0x00000000e2080000)
  from space 11776K, 0% used [0x00000000e2c00000,0x00000000e2c00000,0x00000000e3780000)
  to   space 11776K, 0% used [0x00000000e2080000,0x00000000e2080000,0x00000000e2c00000)
 ParOldGen       total 61440K, used 13632K [0x0000000081400000, 0x0000000085000000, 0x00000000d5c00000)
  object space 61440K, 22% used [0x0000000081400000,0x00000000821501f0,0x0000000085000000)
 Metaspace       used 55925K, capacity 58272K, committed 58536K, reserved 1099776K
  class space    used 7602K, capacity 8000K, committed 8104K, reserved 1048576K
Event: 12.102 GC heap after
Heap after GC invocations=11 (full 2):
 PSYoungGen      total 212992K, used 11767K [0x00000000d5c00000, 0x00000000eae00000, 0x0000000100000000)
  eden space 201216K, 0% used [0x00000000d5c00000,0x00000000d5c00000,0x00000000e2080000)
  from space 11776K, 99% used [0x00000000e2080000,0x00000000e2bfddd8,0x00000000e2c00000)
  to   space 18432K, 0% used [0x00000000e9c00000,0x00000000e9c00000,0x00000000eae00000)
 ParOldGen       total 61440K, used 26710K [0x0000000081400000, 0x0000000085000000, 0x00000000d5c00000)
  object space 61440K, 43% used [0x0000000081400000,0x0000000082e159e0,0x0000000085000000)
 Metaspace       used 55925K, capacity 58272K, committed 58536K, reserved 1099776K
  class space    used 7602K, capacity 8000K, committed 8104K, reserved 1048576K
}
Event: 12.439 GC heap before
{Heap before GC invocations=12 (full 2):
 PSYoungGen      total 212992K, used 29423K [0x00000000d5c00000, 0x00000000eae00000, 0x0000000100000000)
  eden space 201216K, 8% used [0x00000000d5c00000,0x00000000d6d3df80,0x00000000e2080000)
  from space 11776K, 99% used [0x00000000e2080000,0x00000000e2bfddd8,0x00000000e2c00000)
  to   space 18432K, 0% used [0x00000000e9c00000,0x00000000e9c00000,0x00000000eae00000)
 ParOldGen       total 61440K, used 26710K [0x0000000081400000, 0x0000000085000000, 0x00000000d5c00000)
  object space 61440K, 43% used [0x0000000081400000,0x0000000082e159e0,0x0000000085000000)
 Metaspace       used 56655K, capacity 59072K, committed 59160K, reserved 1099776K
  class space    used 7711K, capacity 8146K, committed 8216K, reserved 1048576K
Event: 12.455 GC heap after
Heap after GC invocations=12 (full 2):
 PSYoungGen      total 320512K, used 8520K [0x00000000d5c00000, 0x00000000ea980000, 0x0000000100000000)
  eden space 306688K, 0% used [0x00000000d5c00000,0x00000000d5c00000,0x00000000e8780000)
  from space 13824K, 61% used [0x00000000e9c00000,0x00000000ea452090,0x00000000ea980000)
  to   space 17408K, 0% used [0x00000000e8780000,0x00000000e8780000,0x00000000e9880000)
 ParOldGen       total 61440K, used 26718K [0x0000000081400000, 0x0000000085000000, 0x00000000d5c00000)
  object space 61440K, 43% used [0x0000000081400000,0x0000000082e179e0,0x0000000085000000)
 Metaspace       used 56655K, capacity 59072K, committed 59160K, reserved 1099776K
  class space    used 7711K, capacity 8146K, committed 8216K, reserved 1048576K
}
Event: 12.456 GC heap before
{Heap before GC invocations=13 (full 3):
 PSYoungGen      total 320512K, used 8520K [0x00000000d5c00000, 0x00000000ea980000, 0x0000000100000000)
  eden space 306688K, 0% used [0x00000000d5c00000,0x00000000d5c00000,0x00000000e8780000)
  from space 13824K, 61% used [0x00000000e9c00000,0x00000000ea452090,0x00000000ea980000)
  to   space 17408K, 0% used [0x00000000e8780000,0x00000000e8780000,0x00000000e9880000)
 ParOldGen       total 61440K, used 26718K [0x0000000081400000, 0x0000000085000000, 0x00000000d5c00000)
  object space 61440K, 43% used [0x0000000081400000,0x0000000082e179e0,0x0000000085000000)
 Metaspace       used 56655K, capacity 59072K, committed 59160K, reserved 1099776K
  class space    used 7711K, capacity 8146K, committed 8216K, reserved 1048576K
Event: 12.626 GC heap after
Heap after GC invocations=13 (full 3):
 PSYoungGen      total 320512K, used 0K [0x00000000d5c00000, 0x00000000ea980000, 0x0000000100000000)
  eden space 306688K, 0% used [0x00000000d5c00000,0x00000000d5c00000,0x00000000e8780000)
  from space 13824K, 0% used [0x00000000e9c00000,0x00000000e9c00000,0x00000000ea980000)
  to   space 17408K, 0% used [0x00000000e8780000,0x00000000e8780000,0x00000000e9880000)
 ParOldGen       total 76800K, used 19862K [0x0000000081400000, 0x0000000085f00000, 0x00000000d5c00000)
  object space 76800K, 25% used [0x0000000081400000,0x0000000082765960,0x0000000085f00000)
 Metaspace       used 56655K, capacity 59072K, committed 59160K, reserved 1099776K
  class space    used 7711K, capacity 8146K, committed 8216K, reserved 1048576K
}

