# JRE version: Java(TM) SE Runtime Environment (8.0_144-b01) (build 1.8.0_144-b01)
# Java VM: Java HotSpot(TM) 64-Bit Server VM (25.144-b01 mixed mode windows-amd64 compressed oops)
Heap:
 PSYoungGen      total 172032K, used 136914K [0x00000000d5c00000, 0x00000000e2700000, 0x0000000100000000)
  eden space 161280K, 78% used [0x00000000d5c00000,0x00000000dd73bda8,0x00000000df980000)
  from space 10752K, 99% used [0x00000000e1c80000,0x00000000e26f8bc0,0x00000000e2700000)
  to   space 12800K, 0% used [0x00000000e0e00000,0x00000000e0e00000,0x00000000e1a80000)
 ParOldGen       total 83968K, used 17358K [0x0000000081400000, 0x0000000086600000, 0x00000000d5c00000)
  object space 83968K, 20% used [0x0000000081400000,0x00000000824f3958,0x0000000086600000)
 Metaspace       used 51326K, capacity 53124K, committed 53416K, reserved 1095680K
  class space    used 7134K, capacity 7494K, committed 7592K, reserved 1048576K
GC Heap History (10 events):
Event: 5.465 GC heap before
{Heap before GC invocations=6 (full 1):
 PSYoungGen      total 71680K, used 66560K [0x00000000d5c00000, 0x00000000da700000, 0x0000000100000000)
  eden space 66560K, 100% used [0x00000000d5c00000,0x00000000d9d00000,0x00000000d9d00000)
  from space 5120K, 0% used [0x00000000da200000,0x00000000da200000,0x00000000da700000)
  to   space 5120K, 0% used [0x00000000d9d00000,0x00000000d9d00000,0x00000000da200000)
 ParOldGen       total 53760K, used 7427K [0x0000000081400000, 0x0000000084880000, 0x00000000d5c00000)
  object space 53760K, 13% used [0x0000000081400000,0x0000000081b40e58,0x0000000084880000)
 Metaspace       used 23906K, capacity 24620K, committed 24960K, reserved 1071104K
  class space    used 3158K, capacity 3354K, committed 3456K, reserved 1048576K
Event: 5.474 GC heap after
Heap after GC invocations=6 (full 1):
 PSYoungGen      total 71680K, used 4591K [0x00000000d5c00000, 0x00000000ddc80000, 0x0000000100000000)
  eden space 66560K, 0% used [0x00000000d5c00000,0x00000000d5c00000,0x00000000d9d00000)
  from space 5120K, 89% used [0x00000000d9d00000,0x00000000da17bff0,0x00000000da200000)
  to   space 8704K, 0% used [0x00000000dd400000,0x00000000dd400000,0x00000000ddc80000)
 ParOldGen       total 53760K, used 7427K [0x0000000081400000, 0x0000000084880000, 0x00000000d5c00000)
  object space 53760K, 13% used [0x0000000081400000,0x0000000081b40e58,0x0000000084880000)
 Metaspace       used 23906K, capacity 24620K, committed 24960K, reserved 1071104K
  class space    used 3158K, capacity 3354K, committed 3456K, reserved 1048576K
}
Event: 6.880 GC heap before
{Heap before GC invocations=7 (full 1):
 PSYoungGen      total 71680K, used 71151K [0x00000000d5c00000, 0x00000000ddc80000, 0x0000000100000000)
  eden space 66560K, 100% used [0x00000000d5c00000,0x00000000d9d00000,0x00000000d9d00000)
  from space 5120K, 89% used [0x00000000d9d00000,0x00000000da17bff0,0x00000000da200000)
  to   space 8704K, 0% used [0x00000000dd400000,0x00000000dd400000,0x00000000ddc80000)
 ParOldGen       total 53760K, used 7427K [0x0000000081400000, 0x0000000084880000, 0x00000000d5c00000)
  object space 53760K, 13% used [0x0000000081400000,0x0000000081b40e58,0x0000000084880000)
 Metaspace       used 29520K, capacity 30592K, committed 30848K, reserved 1075200K
  class space    used 3907K, capacity 4156K, committed 4224K, reserved 1048576K
Event: 6.892 GC heap after
Heap after GC invocations=7 (full 1):
 PSYoungGen      total 120832K, used 8275K [0x00000000d5c00000, 0x00000000ddc80000, 0x0000000100000000)
  eden space 112128K, 0% used [0x00000000d5c00000,0x00000000d5c00000,0x00000000dc980000)
  from space 8704K, 95% used [0x00000000dd400000,0x00000000ddc14ff0,0x00000000ddc80000)
  to   space 9216K, 0% used [0x00000000dca80000,0x00000000dca80000,0x00000000dd380000)
 ParOldGen       total 53760K, used 7499K [0x0000000081400000, 0x0000000084880000, 0x00000000d5c00000)
  object space 53760K, 13% used [0x0000000081400000,0x0000000081b52e68,0x0000000084880000)
 Metaspace       used 29520K, capacity 30592K, committed 30848K, reserved 1075200K
  class space    used 3907K, capacity 4156K, committed 4224K, reserved 1048576K
}
Event: 8.226 GC heap before
{Heap before GC invocations=8 (full 1):
 PSYoungGen      total 120832K, used 81961K [0x00000000d5c00000, 0x00000000ddc80000, 0x0000000100000000)
  eden space 112128K, 65% used [0x00000000d5c00000,0x00000000da3f5728,0x00000000dc980000)
  from space 8704K, 95% used [0x00000000dd400000,0x00000000ddc14ff0,0x00000000ddc80000)
  to   space 9216K, 0% used [0x00000000dca80000,0x00000000dca80000,0x00000000dd380000)
 ParOldGen       total 53760K, used 7499K [0x0000000081400000, 0x0000000084880000, 0x00000000d5c00000)
  object space 53760K, 13% used [0x0000000081400000,0x0000000081b52e68,0x0000000084880000)
 Metaspace       used 34193K, capacity 35448K, committed 35496K, reserved 1079296K
  class space    used 4484K, capacity 4764K, committed 4776K, reserved 1048576K
Event: 8.241 GC heap after
Heap after GC invocations=8 (full 1):
 PSYoungGen      total 122368K, used 9203K [0x00000000d5c00000, 0x00000000e2700000, 0x0000000100000000)
  eden space 113152K, 0% used [0x00000000d5c00000,0x00000000d5c00000,0x00000000dca80000)
  from space 9216K, 99% used [0x00000000dca80000,0x00000000dd37cd20,0x00000000dd380000)
  to   space 10752K, 0% used [0x00000000e1c80000,0x00000000e1c80000,0x00000000e2700000)
 ParOldGen       total 53760K, used 8376K [0x0000000081400000, 0x0000000084880000, 0x00000000d5c00000)
  object space 53760K, 15% used [0x0000000081400000,0x0000000081c2e208,0x0000000084880000)
 Metaspace       used 34193K, capacity 35448K, committed 35496K, reserved 1079296K
  class space    used 4484K, capacity 4764K, committed 4776K, reserved 1048576K
}
Event: 8.241 GC heap before
{Heap before GC invocations=9 (full 2):
 PSYoungGen      total 122368K, used 9203K [0x00000000d5c00000, 0x00000000e2700000, 0x0000000100000000)
  eden space 113152K, 0% used [0x00000000d5c00000,0x00000000d5c00000,0x00000000dca80000)
  from space 9216K, 99% used [0x00000000dca80000,0x00000000dd37cd20,0x00000000dd380000)
  to   space 10752K, 0% used [0x00000000e1c80000,0x00000000e1c80000,0x00000000e2700000)
 ParOldGen       total 53760K, used 8376K [0x0000000081400000, 0x0000000084880000, 0x00000000d5c00000)
  object space 53760K, 15% used [0x0000000081400000,0x0000000081c2e208,0x0000000084880000)
 Metaspace       used 34193K, capacity 35448K, committed 35496K, reserved 1079296K
  class space    used 4484K, capacity 4764K, committed 4776K, reserved 1048576K
Event: 8.328 GC heap after
Heap after GC invocations=9 (full 2):
 PSYoungGen      total 122368K, used 0K [0x00000000d5c00000, 0x00000000e2700000, 0x0000000100000000)
  eden space 113152K, 0% used [0x00000000d5c00000,0x00000000d5c00000,0x00000000dca80000)
  from space 9216K, 0% used [0x00000000dca80000,0x00000000dca80000,0x00000000dd380000)
  to   space 10752K, 0% used [0x00000000e1c80000,0x00000000e1c80000,0x00000000e2700000)
 ParOldGen       total 83968K, used 14912K [0x0000000081400000, 0x0000000086600000, 0x00000000d5c00000)
  object space 83968K, 17% used [0x0000000081400000,0x0000000082290108,0x0000000086600000)
 Metaspace       used 34193K, capacity 35448K, committed 35496K, reserved 1079296K
  class space    used 4484K, capacity 4764K, committed 4776K, reserved 1048576K
}
Event: 10.614 GC heap before
{Heap before GC invocations=10 (full 2):
 PSYoungGen      total 122368K, used 113152K [0x00000000d5c00000, 0x00000000e2700000, 0x0000000100000000)
  eden space 113152K, 100% used [0x00000000d5c00000,0x00000000dca80000,0x00000000dca80000)
  from space 9216K, 0% used [0x00000000dca80000,0x00000000dca80000,0x00000000dd380000)
  to   space 10752K, 0% used [0x00000000e1c80000,0x00000000e1c80000,0x00000000e2700000)
 ParOldGen       total 83968K, used 14912K [0x0000000081400000, 0x0000000086600000, 0x00000000d5c00000)
  object space 83968K, 17% used [0x0000000081400000,0x0000000082290108,0x0000000086600000)
 Metaspace       used 46425K, capacity 47800K, committed 48168K, reserved 1091584K
  class space    used 6355K, capacity 6666K, committed 6696K, reserved 1048576K
Event: 10.629 GC heap after
Heap after GC invocations=10 (full 2):
 PSYoungGen      total 172032K, used 10722K [0x00000000d5c00000, 0x00000000e2700000, 0x0000000100000000)
  eden space 161280K, 0% used [0x00000000d5c00000,0x00000000d5c00000,0x00000000df980000)
  from space 10752K, 99% used [0x00000000e1c80000,0x00000000e26f8bc0,0x00000000e2700000)
  to   space 12800K, 0% used [0x00000000e0e00000,0x00000000e0e00000,0x00000000e1a80000)
 ParOldGen       total 83968K, used 17358K [0x0000000081400000, 0x0000000086600000, 0x00000000d5c00000)
  object space 83968K, 20% used [0x0000000081400000,0x00000000824f3958,0x0000000086600000)
 Metaspace       used 46425K, capacity 47800K, committed 48168K, reserved 1091584K
  class space    used 6355K, capacity 6666K, committed 6696K, reserved 1048576K
}

